<html>
<head>
<title>TestNG:  Test</title>
<link href="../testng.css" rel="stylesheet" type="text/css" />
<link href="../my-testng.css" rel="stylesheet" type="text/css" />

<style type="text/css">
.log { display: none;} 
.stack-trace { display: none;} 
</style>
<script type="text/javascript">
<!--
function flip(e) {
  current = e.style.display;
  if (current == 'block') {
    e.style.display = 'none';
    return 0;
  }
  else {
    e.style.display = 'block';
    return 1;
  }
}

function toggleBox(szDivId, elem, msg1, msg2)
{
  var res = -1;  if (document.getElementById) {
    res = flip(document.getElementById(szDivId));
  }
  else if (document.all) {
    // this is the way old msie versions work
    res = flip(document.all[szDivId]);
  }
  if(elem) {
    if(res == 0) elem.innerHTML = msg1; else elem.innerHTML = msg2;
  }

}

function toggleAllBoxes() {
  if (document.getElementsByTagName) {
    d = document.getElementsByTagName('div');
    for (i = 0; i < d.length; i++) {
      if (d[i].className == 'log') {
        flip(d[i]);
      }
    }
  }
}

// -->
</script>

</head>
<body>
<h2 align='center'>Test</h2><table border='1' align="center">
<tr>
<td>Tests passed/Failed/Skipped:</td><td>13/4/0</td>
</tr><tr>
<td>Started on:</td><td>Mon Sep 02 09:14:39 CEST 2019</td>
</tr>
<tr><td>Total time:</td><td>109 seconds (109069 ms)</td>
</tr><tr>
<td>Included groups:</td><td></td>
</tr><tr>
<td>Excluded groups:</td><td></td>
</tr>
</table><p/>
<small><i>(Hover the method name to see the test class name)</i></small><p/>
<table width='100%' border='1' class='invocation-failed'>
<tr><td colspan='4' align='center'><b>FAILED TESTS</b></td></tr>
<tr><td><b>Test method</b></td>
<td width="30%"><b>Exception</b></td>
<td width="10%"><b>Time (seconds)</b></td>
<td><b>Instance</b></td>
</tr>
<tr>
<td title='tests.TC_LoginDataDriven_02.loginDDT()'><b>loginDDT</b><br>Test class: tests.TC_LoginDataDriven_02<br>Parameters: preetesh, Preetesh</td>
<td><div><pre>java.lang.AssertionError: expected [true] but found [false]
	at tests.TC_LoginDataDriven_02.loginDDT(TC_LoginDataDriven_02.java:56)
... Removed 29 stack frames</pre></div><a href='#' onClick='toggleBox("stack-trace168957945", this, "Click to show all stack frames", "Click to hide stack frames")'>Click to show all stack frames</a>
<div class='stack-trace' id='stack-trace168957945'><pre>java.lang.AssertionError: expected [true] but found [false]
	at org.testng.Assert.fail(Assert.java:96)
	at org.testng.Assert.failNotEquals(Assert.java:776)
	at org.testng.Assert.assertTrue(Assert.java:44)
	at org.testng.Assert.assertTrue(Assert.java:54)
	at tests.TC_LoginDataDriven_02.loginDDT(TC_LoginDataDriven_02.java:56)
	at sun.reflect.NativeMethodAccessorImpl.invoke0(Native Method)
	at sun.reflect.NativeMethodAccessorImpl.invoke(NativeMethodAccessorImpl.java:62)
	at sun.reflect.DelegatingMethodAccessorImpl.invoke(DelegatingMethodAccessorImpl.java:43)
	at java.lang.reflect.Method.invoke(Method.java:498)
	at org.testng.internal.MethodInvocationHelper.invokeMethod(MethodInvocationHelper.java:124)
	at org.testng.internal.Invoker.invokeMethod(Invoker.java:583)
	at org.testng.internal.Invoker.invokeTestMethod(Invoker.java:719)
	at org.testng.internal.Invoker.invokeTestMethods(Invoker.java:989)
	at org.testng.internal.TestMethodWorker.invokeTestMethods(TestMethodWorker.java:125)
	at org.testng.internal.TestMethodWorker.run(TestMethodWorker.java:109)
	at org.testng.TestRunner.privateRun(TestRunner.java:648)
	at org.testng.TestRunner.run(TestRunner.java:505)
	at org.testng.SuiteRunner.runTest(SuiteRunner.java:455)
	at org.testng.SuiteRunner.runSequentially(SuiteRunner.java:450)
	at org.testng.SuiteRunner.privateRun(SuiteRunner.java:415)
	at org.testng.SuiteRunner.run(SuiteRunner.java:364)
	at org.testng.SuiteRunnerWorker.runSuite(SuiteRunnerWorker.java:52)
	at org.testng.SuiteRunnerWorker.run(SuiteRunnerWorker.java:84)
	at org.testng.TestNG.runSuitesSequentially(TestNG.java:1208)
	at org.testng.TestNG.runSuitesLocally(TestNG.java:1137)
	at org.testng.TestNG.runSuites(TestNG.java:1049)
	at org.testng.TestNG.run(TestNG.java:1017)
	at org.testng.remote.AbstractRemoteTestNG.run(AbstractRemoteTestNG.java:115)
	at org.testng.remote.RemoteTestNG.initAndRun(RemoteTestNG.java:251)
	at org.testng.remote.RemoteTestNG.main(RemoteTestNG.java:77)
</pre></div></td>
<td>9</td>
<td>tests.TC_LoginDataDriven_02@464bee09</td></tr>
<tr>
<td title='tests.TC_LoginDataDriven_02.loginDDT()'><b>loginDDT</b><br>Test class: tests.TC_LoginDataDriven_02<br>Parameters: Soni, Soni</td>
<td><div><pre>java.lang.AssertionError: expected [true] but found [false]
	at tests.TC_LoginDataDriven_02.loginDDT(TC_LoginDataDriven_02.java:56)
... Removed 29 stack frames</pre></div><a href='#' onClick='toggleBox("stack-trace190628410", this, "Click to show all stack frames", "Click to hide stack frames")'>Click to show all stack frames</a>
<div class='stack-trace' id='stack-trace190628410'><pre>java.lang.AssertionError: expected [true] but found [false]
	at org.testng.Assert.fail(Assert.java:96)
	at org.testng.Assert.failNotEquals(Assert.java:776)
	at org.testng.Assert.assertTrue(Assert.java:44)
	at org.testng.Assert.assertTrue(Assert.java:54)
	at tests.TC_LoginDataDriven_02.loginDDT(TC_LoginDataDriven_02.java:56)
	at sun.reflect.NativeMethodAccessorImpl.invoke0(Native Method)
	at sun.reflect.NativeMethodAccessorImpl.invoke(NativeMethodAccessorImpl.java:62)
	at sun.reflect.DelegatingMethodAccessorImpl.invoke(DelegatingMethodAccessorImpl.java:43)
	at java.lang.reflect.Method.invoke(Method.java:498)
	at org.testng.internal.MethodInvocationHelper.invokeMethod(MethodInvocationHelper.java:124)
	at org.testng.internal.Invoker.invokeMethod(Invoker.java:583)
	at org.testng.internal.Invoker.invokeTestMethod(Invoker.java:719)
	at org.testng.internal.Invoker.invokeTestMethods(Invoker.java:989)
	at org.testng.internal.TestMethodWorker.invokeTestMethods(TestMethodWorker.java:125)
	at org.testng.internal.TestMethodWorker.run(TestMethodWorker.java:109)
	at org.testng.TestRunner.privateRun(TestRunner.java:648)
	at org.testng.TestRunner.run(TestRunner.java:505)
	at org.testng.SuiteRunner.runTest(SuiteRunner.java:455)
	at org.testng.SuiteRunner.runSequentially(SuiteRunner.java:450)
	at org.testng.SuiteRunner.privateRun(SuiteRunner.java:415)
	at org.testng.SuiteRunner.run(SuiteRunner.java:364)
	at org.testng.SuiteRunnerWorker.runSuite(SuiteRunnerWorker.java:52)
	at org.testng.SuiteRunnerWorker.run(SuiteRunnerWorker.java:84)
	at org.testng.TestNG.runSuitesSequentially(TestNG.java:1208)
	at org.testng.TestNG.runSuitesLocally(TestNG.java:1137)
	at org.testng.TestNG.runSuites(TestNG.java:1049)
	at org.testng.TestNG.run(TestNG.java:1017)
	at org.testng.remote.AbstractRemoteTestNG.run(AbstractRemoteTestNG.java:115)
	at org.testng.remote.RemoteTestNG.initAndRun(RemoteTestNG.java:251)
	at org.testng.remote.RemoteTestNG.main(RemoteTestNG.java:77)
</pre></div></td>
<td>9</td>
<td>tests.TC_LoginDataDriven_02@464bee09</td></tr>
<tr>
<td title='tests.TC_LoginDataDriven_02.loginDDT()'><b>loginDDT</b><br>Test class: tests.TC_LoginDataDriven_02<br>Parameters: testuser, testuser</td>
<td><div><pre>java.lang.AssertionError: expected [true] but found [false]
	at tests.TC_LoginDataDriven_02.loginDDT(TC_LoginDataDriven_02.java:56)
... Removed 29 stack frames</pre></div><a href='#' onClick='toggleBox("stack-trace829737737", this, "Click to show all stack frames", "Click to hide stack frames")'>Click to show all stack frames</a>
<div class='stack-trace' id='stack-trace829737737'><pre>java.lang.AssertionError: expected [true] but found [false]
	at org.testng.Assert.fail(Assert.java:96)
	at org.testng.Assert.failNotEquals(Assert.java:776)
	at org.testng.Assert.assertTrue(Assert.java:44)
	at org.testng.Assert.assertTrue(Assert.java:54)
	at tests.TC_LoginDataDriven_02.loginDDT(TC_LoginDataDriven_02.java:56)
	at sun.reflect.NativeMethodAccessorImpl.invoke0(Native Method)
	at sun.reflect.NativeMethodAccessorImpl.invoke(NativeMethodAccessorImpl.java:62)
	at sun.reflect.DelegatingMethodAccessorImpl.invoke(DelegatingMethodAccessorImpl.java:43)
	at java.lang.reflect.Method.invoke(Method.java:498)
	at org.testng.internal.MethodInvocationHelper.invokeMethod(MethodInvocationHelper.java:124)
	at org.testng.internal.Invoker.invokeMethod(Invoker.java:583)
	at org.testng.internal.Invoker.invokeTestMethod(Invoker.java:719)
	at org.testng.internal.Invoker.invokeTestMethods(Invoker.java:989)
	at org.testng.internal.TestMethodWorker.invokeTestMethods(TestMethodWorker.java:125)
	at org.testng.internal.TestMethodWorker.run(TestMethodWorker.java:109)
	at org.testng.TestRunner.privateRun(TestRunner.java:648)
	at org.testng.TestRunner.run(TestRunner.java:505)
	at org.testng.SuiteRunner.runTest(SuiteRunner.java:455)
	at org.testng.SuiteRunner.runSequentially(SuiteRunner.java:450)
	at org.testng.SuiteRunner.privateRun(SuiteRunner.java:415)
	at org.testng.SuiteRunner.run(SuiteRunner.java:364)
	at org.testng.SuiteRunnerWorker.runSuite(SuiteRunnerWorker.java:52)
	at org.testng.SuiteRunnerWorker.run(SuiteRunnerWorker.java:84)
	at org.testng.TestNG.runSuitesSequentially(TestNG.java:1208)
	at org.testng.TestNG.runSuitesLocally(TestNG.java:1137)
	at org.testng.TestNG.runSuites(TestNG.java:1049)
	at org.testng.TestNG.run(TestNG.java:1017)
	at org.testng.remote.AbstractRemoteTestNG.run(AbstractRemoteTestNG.java:115)
	at org.testng.remote.RemoteTestNG.initAndRun(RemoteTestNG.java:251)
	at org.testng.remote.RemoteTestNG.main(RemoteTestNG.java:77)
</pre></div></td>
<td>9</td>
<td>tests.TC_LoginDataDriven_02@464bee09</td></tr>
<tr>
<td title='tests.TC_RegisterNewAccountTest_03.registerNewAccount()'><b>registerNewAccount</b><br>Test class: tests.TC_RegisterNewAccountTest_03</td>
<td><div><pre>java.lang.AssertionError: expected [true] but found [false]
	at tests.TC_RegisterNewAccountTest_03.registerNewAccount(TC_RegisterNewAccountTest_03.java:76)
... Removed 29 stack frames</pre></div><a href='#' onClick='toggleBox("stack-trace1998882269", this, "Click to show all stack frames", "Click to hide stack frames")'>Click to show all stack frames</a>
<div class='stack-trace' id='stack-trace1998882269'><pre>java.lang.AssertionError: expected [true] but found [false]
	at org.testng.Assert.fail(Assert.java:96)
	at org.testng.Assert.failNotEquals(Assert.java:776)
	at org.testng.Assert.assertTrue(Assert.java:44)
	at org.testng.Assert.assertTrue(Assert.java:54)
	at tests.TC_RegisterNewAccountTest_03.registerNewAccount(TC_RegisterNewAccountTest_03.java:76)
	at sun.reflect.NativeMethodAccessorImpl.invoke0(Native Method)
	at sun.reflect.NativeMethodAccessorImpl.invoke(NativeMethodAccessorImpl.java:62)
	at sun.reflect.DelegatingMethodAccessorImpl.invoke(DelegatingMethodAccessorImpl.java:43)
	at java.lang.reflect.Method.invoke(Method.java:498)
	at org.testng.internal.MethodInvocationHelper.invokeMethod(MethodInvocationHelper.java:124)
	at org.testng.internal.Invoker.invokeMethod(Invoker.java:583)
	at org.testng.internal.Invoker.invokeTestMethod(Invoker.java:719)
	at org.testng.internal.Invoker.invokeTestMethods(Invoker.java:989)
	at org.testng.internal.TestMethodWorker.invokeTestMethods(TestMethodWorker.java:125)
	at org.testng.internal.TestMethodWorker.run(TestMethodWorker.java:109)
	at org.testng.TestRunner.privateRun(TestRunner.java:648)
	at org.testng.TestRunner.run(TestRunner.java:505)
	at org.testng.SuiteRunner.runTest(SuiteRunner.java:455)
	at org.testng.SuiteRunner.runSequentially(SuiteRunner.java:450)
	at org.testng.SuiteRunner.privateRun(SuiteRunner.java:415)
	at org.testng.SuiteRunner.run(SuiteRunner.java:364)
	at org.testng.SuiteRunnerWorker.runSuite(SuiteRunnerWorker.java:52)
	at org.testng.SuiteRunnerWorker.run(SuiteRunnerWorker.java:84)
	at org.testng.TestNG.runSuitesSequentially(TestNG.java:1208)
	at org.testng.TestNG.runSuitesLocally(TestNG.java:1137)
	at org.testng.TestNG.runSuites(TestNG.java:1049)
	at org.testng.TestNG.run(TestNG.java:1017)
	at org.testng.remote.AbstractRemoteTestNG.run(AbstractRemoteTestNG.java:115)
	at org.testng.remote.RemoteTestNG.initAndRun(RemoteTestNG.java:251)
	at org.testng.remote.RemoteTestNG.main(RemoteTestNG.java:77)
</pre></div></td>
<td>2</td>
<td>tests.TC_RegisterNewAccountTest_03@f6c48ac</td></tr>
</table><p>
<table width='100%' border='1' class='invocation-passed'>
<tr><td colspan='4' align='center'><b>PASSED TESTS</b></td></tr>
<tr><td><b>Test method</b></td>
<td width="30%"><b>Exception</b></td>
<td width="10%"><b>Time (seconds)</b></td>
<td><b>Instance</b></td>
</tr>
<tr>
<td title='tests.TC_CreateBranchesAndAddStaff_04.createBranch()'><b>createBranch</b><br>Test class: tests.TC_CreateBranchesAndAddStaff_04<br>Parameters: Amsterdam, AMS</td>
<td></td>
<td>4</td>
<td>tests.TC_CreateBranchesAndAddStaff_04@13deb50e</td></tr>
<tr>
<td title='tests.TC_CreateBranchesAndAddStaff_04.createBranch()'><b>createBranch</b><br>Test class: tests.TC_CreateBranchesAndAddStaff_04<br>Parameters: Eindhoven, END</td>
<td></td>
<td>5</td>
<td>tests.TC_CreateBranchesAndAddStaff_04@13deb50e</td></tr>
<tr>
<td title='tests.TC_CreateBranchesAndAddStaff_04.createBranch()'><b>createBranch</b><br>Test class: tests.TC_CreateBranchesAndAddStaff_04<br>Parameters: Utrecht, UTC</td>
<td></td>
<td>5</td>
<td>tests.TC_CreateBranchesAndAddStaff_04@13deb50e</td></tr>
<tr>
<td title='tests.TC_CreateBranchesAndAddStaff_04.createBranch()'><b>createBranch</b><br>Test class: tests.TC_CreateBranchesAndAddStaff_04<br>Parameters: London, LDN</td>
<td></td>
<td>5</td>
<td>tests.TC_CreateBranchesAndAddStaff_04@13deb50e</td></tr>
<tr>
<td title='tests.TC_CreateBranchesAndAddStaff_04.createBranch()'><b>createBranch</b><br>Test class: tests.TC_CreateBranchesAndAddStaff_04<br>Parameters: India, IND</td>
<td></td>
<td>5</td>
<td>tests.TC_CreateBranchesAndAddStaff_04@13deb50e</td></tr>
<tr>
<td title='tests.TC_CreateBranchesAndAddStaff_04.createStaff()'><b>createStaff</b><br>Test class: tests.TC_CreateBranchesAndAddStaff_04<br>Parameters: John, Amsterdam</td>
<td></td>
<td>4</td>
<td>tests.TC_CreateBranchesAndAddStaff_04@13deb50e</td></tr>
<tr>
<td title='tests.TC_CreateBranchesAndAddStaff_04.createStaff()'><b>createStaff</b><br>Test class: tests.TC_CreateBranchesAndAddStaff_04<br>Parameters: Mark, London</td>
<td></td>
<td>4</td>
<td>tests.TC_CreateBranchesAndAddStaff_04@13deb50e</td></tr>
<tr>
<td title='tests.TC_CreateBranchesAndAddStaff_04.createStaff()'><b>createStaff</b><br>Test class: tests.TC_CreateBranchesAndAddStaff_04<br>Parameters: Raj, India</td>
<td></td>
<td>4</td>
<td>tests.TC_CreateBranchesAndAddStaff_04@13deb50e</td></tr>
<tr>
<td title='tests.TC_CreateBranchesAndAddStaff_04.createStaff()'><b>createStaff</b><br>Test class: tests.TC_CreateBranchesAndAddStaff_04<br>Parameters: Bob, Utrecht</td>
<td></td>
<td>4</td>
<td>tests.TC_CreateBranchesAndAddStaff_04@13deb50e</td></tr>
<tr>
<td title='tests.TC_CreateBranchesAndAddStaff_04.createStaff()'><b>createStaff</b><br>Test class: tests.TC_CreateBranchesAndAddStaff_04<br>Parameters: Marry, Eindhoven</td>
<td></td>
<td>4</td>
<td>tests.TC_CreateBranchesAndAddStaff_04@13deb50e</td></tr>
<tr>
<td title='tests.TC_LoginDataDriven_02.loginDDT()'><b>loginDDT</b><br>Test class: tests.TC_LoginDataDriven_02<br>Parameters: admin, admin</td>
<td></td>
<td>5</td>
<td>tests.TC_LoginDataDriven_02@464bee09</td></tr>
<tr>
<td title='tests.TC_CreateBranchesAndAddStaff_04.loginUser()'><b>loginUser</b><br>Test class: tests.TC_CreateBranchesAndAddStaff_04</td>
<td></td>
<td>2</td>
<td>tests.TC_CreateBranchesAndAddStaff_04@13deb50e</td></tr>
<tr>
<td title='tests.TC_Login_01.userLogin()'><b>userLogin</b><br>Test class: tests.TC_Login_01</td>
<td></td>
<td>4</td>
<td>tests.TC_Login_01@6eebc39e</td></tr>
</table><p>
</body>
</html>